close(5)                                = 0
read(5, "\177ELF\2\1\1\0\0\0\0\0\0\0\0\0\3\0>\0\1\0\0\0\340\16\0\0\0\0\0\0"..., 832) = 832
close(5)                                = 0
read(5, "\177ELF\2\1\1\0\0\0\0\0\0\0\0\0\3\0>\0\1\0\0\0\20\17\0\0\0\0\0\0"..., 832) = 832
close(5)                                = 0
read(5, "\177ELF\2\1\1\0\0\0\0\0\0\0\0\0\3\0>\0\1\0\0\0\20\22\0\0\0\0\0\0"..., 832) = 832
close(5)                                = 0
close(5)                                = 0
read(5, "\177ELF\2\1\1\3\0\0\0\0\0\0\0\0\3\0>\0\1\0\0\0\220\373\10\0\0\0\0\0"..., 832) = 832
read(5, "\4\0\0\0\20\0\0\0\5\0\0\0GNU\0\2\0\0\300\4\0\0\0\3\0\0\0\0\0\0\0", 32) = 32
read(5, "\4\0\0\0\20\0\0\0\5\0\0\0GNU\0\2\0\0\300\4\0\0\0\3\0\0\0\0\0\0\0", 32) = 32
close(5)                                = 0
read(5, "\177ELF\2\1\1\3\0\0\0\0\0\0\0\0\3\0>\0\1\0\0\0 \305\0\0\0\0\0\0"..., 832) = 832
close(5)                                = 0
read(5, "\177ELF\2\1\1\0\0\0\0\0\0\0\0\0\3\0>\0\1\0\0\0\0.\0\0\0\0\0\0"..., 832) = 832
read(5, "\4\0\0\0\20\0\0\0\5\0\0\0GNU\0\2\0\0\300\4\0\0\0\3\0\0\0\0\0\0\0", 32) = 32
read(5, "\4\0\0\0\20\0\0\0\5\0\0\0GNU\0\2\0\0\300\4\0\0\0\3\0\0\0\0\0\0\0", 32) = 32
close(5)                                = 0
read(5, "\177ELF\2\1\1\3\0\0\0\0\0\0\0\0\3\0>\0\1\0\0\0`\256\3\0\0\0\0\0"..., 832) = 832
read(5, "\4\0\0\0\20\0\0\0\5\0\0\0GNU\0\2\0\0\300\4\0\0\0\3\0\0\0\0\0\0\0", 32) = 32
close(5)                                = 0
read(5, "\177ELF\2\1\1\0\0\0\0\0\0\0\0\0\3\0>\0\1\0\0\0p\16\0\0\0\0\0\0"..., 832) = 832
close(5)                                = 0
socket(AF_INET, SOCK_STREAM, IPPROTO_IP) = 5
bind(5, {sa_family=AF_INET, sin_port=htons(8080), sin_addr=inet_addr("127.0.0.1")}, 16) = 0
listen(5, 128)                          = 0
accept(5, NULL, NULL)                   = ? ERESTARTSYS (To be restarted if SA_RESTART is set)
--- SIGTERM {si_signo=SIGTERM, si_code=SI_USER, si_pid=2597078, si_uid=0} ---
+++ killed by SIGTERM +++
